{"name":"hexo","hostname":"peer2","pid":6260,"level":20,"msg":"Writing database to /root/soft/hexo/blog/db.json","time":"2019-03-01T08:56:20.172Z","v":0}
{"name":"hexo","hostname":"peer2","pid":6260,"level":20,"msg":"Hexo version: \u001b[35m3.8.0\u001b[39m","time":"2019-03-01T08:56:20.184Z","v":0}
{"name":"hexo","hostname":"peer2","pid":6260,"level":20,"msg":"Working directory: \u001b[35m~/soft/hexo/blog/\u001b[39m","time":"2019-03-01T08:56:20.185Z","v":0}
{"name":"hexo","hostname":"peer2","pid":6260,"level":20,"msg":"Updating package.json","time":"2019-03-01T08:56:20.245Z","v":0}
{"name":"hexo","hostname":"peer2","pid":6260,"level":20,"msg":"Config loaded: \u001b[35m~/soft/hexo/blog/_config.yml\u001b[39m","time":"2019-03-01T08:56:20.252Z","v":0}
{"name":"hexo","hostname":"peer2","pid":6260,"level":20,"msg":"Plugin loaded: \u001b[35mhexo-generator-archive\u001b[39m","time":"2019-03-01T08:56:20.264Z","v":0}
{"name":"hexo","hostname":"peer2","pid":6260,"level":20,"msg":"Plugin loaded: \u001b[35mhexo-generator-category\u001b[39m","time":"2019-03-01T08:56:20.265Z","v":0}
{"name":"hexo","hostname":"peer2","pid":6260,"level":20,"msg":"Plugin loaded: \u001b[35mhexo-generator-index\u001b[39m","time":"2019-03-01T08:56:20.266Z","v":0}
{"name":"hexo","hostname":"peer2","pid":6260,"level":20,"msg":"Plugin loaded: \u001b[35mhexo-generator-tag\u001b[39m","time":"2019-03-01T08:56:20.267Z","v":0}
{"name":"hexo","hostname":"peer2","pid":6260,"level":20,"msg":"Plugin loaded: \u001b[35mhexo-renderer-ejs\u001b[39m","time":"2019-03-01T08:56:20.269Z","v":0}
{"name":"hexo","hostname":"peer2","pid":6260,"level":20,"msg":"Plugin loaded: \u001b[35mhexo-renderer-stylus\u001b[39m","time":"2019-03-01T08:56:20.269Z","v":0}
{"name":"hexo","hostname":"peer2","pid":6260,"level":20,"msg":"Plugin loaded: \u001b[35mhexo-renderer-marked\u001b[39m","time":"2019-03-01T08:56:20.273Z","v":0}
{"name":"hexo","hostname":"peer2","pid":6260,"level":20,"msg":"Plugin loaded: \u001b[35mhexo-server\u001b[39m","time":"2019-03-01T08:56:20.316Z","v":0}
{"name":"hexo","hostname":"peer2","pid":6260,"level":30,"msg":"Start processing","time":"2019-03-01T08:56:20.323Z","v":0}
{"name":"hexo","hostname":"peer2","pid":6260,"level":20,"msg":"Processed: \u001b[35msource/css/backcss.css\u001b[39m","time":"2019-03-01T08:56:20.409Z","v":0}
{"name":"hexo","hostname":"peer2","pid":6260,"level":20,"msg":"Processed: \u001b[35msource/css/demo.css\u001b[39m","time":"2019-03-01T08:56:20.410Z","v":0}
{"name":"hexo","hostname":"peer2","pid":6260,"level":20,"msg":"Processed: \u001b[35msource/css/dropdownMenu.css\u001b[39m","time":"2019-03-01T08:56:20.410Z","v":0}
{"name":"hexo","hostname":"peer2","pid":6260,"level":20,"msg":"Processed: \u001b[35msource/css/font-awesome.min.css\u001b[39m","time":"2019-03-01T08:56:20.410Z","v":0}
{"name":"hexo","hostname":"peer2","pid":6260,"level":20,"msg":"Processed: \u001b[35msource/css/gallery.css\u001b[39m","time":"2019-03-01T08:56:20.410Z","v":0}
{"name":"hexo","hostname":"peer2","pid":6260,"level":20,"msg":"Processed: \u001b[35msource/css/gallery.min.css\u001b[39m","time":"2019-03-01T08:56:20.411Z","v":0}
{"name":"hexo","hostname":"peer2","pid":6260,"level":20,"msg":"Processed: \u001b[35msource/css/item.css\u001b[39m","time":"2019-03-01T08:56:20.411Z","v":0}
{"name":"hexo","hostname":"peer2","pid":6260,"level":20,"msg":"Processed: \u001b[35msource/css/mic_gallery.css\u001b[39m","time":"2019-03-01T08:56:20.411Z","v":0}
{"name":"hexo","hostname":"peer2","pid":6260,"level":20,"msg":"Processed: \u001b[35msource/css/my_link.css\u001b[39m","time":"2019-03-01T08:56:20.412Z","v":0}
{"name":"hexo","hostname":"peer2","pid":6260,"level":20,"msg":"Processed: \u001b[35msource/css/normalize.css\u001b[39m","time":"2019-03-01T08:56:20.412Z","v":0}
{"name":"hexo","hostname":"peer2","pid":6260,"level":20,"msg":"Processed: \u001b[35msource/css/noscript.css\u001b[39m","time":"2019-03-01T08:56:20.412Z","v":0}
{"name":"hexo","hostname":"peer2","pid":6260,"level":20,"msg":"Processed: \u001b[35msource/css/ok_prism.css\u001b[39m","time":"2019-03-01T08:56:20.412Z","v":0}
{"name":"hexo","hostname":"peer2","pid":6260,"level":20,"msg":"Processed: \u001b[35msource/css/prism.css\u001b[39m","time":"2019-03-01T08:56:20.413Z","v":0}
{"name":"hexo","hostname":"peer2","pid":6260,"level":20,"msg":"Processed: \u001b[35msource/css/prism_coy.css\u001b[39m","time":"2019-03-01T08:56:20.413Z","v":0}
{"name":"hexo","hostname":"peer2","pid":6260,"level":20,"msg":"Processed: \u001b[35msource/css/prism_dark.css\u001b[39m","time":"2019-03-01T08:56:20.413Z","v":0}
{"name":"hexo","hostname":"peer2","pid":6260,"level":20,"msg":"Processed: \u001b[35msource/css/prism_default.css\u001b[39m","time":"2019-03-01T08:56:20.414Z","v":0}
{"name":"hexo","hostname":"peer2","pid":6260,"level":20,"msg":"Processed: \u001b[35msource/css/prism_funky.css\u001b[39m","time":"2019-03-01T08:56:20.414Z","v":0}
{"name":"hexo","hostname":"peer2","pid":6260,"level":20,"msg":"Processed: \u001b[35msource/css/prism_okaidia.css\u001b[39m","time":"2019-03-01T08:56:20.414Z","v":0}
{"name":"hexo","hostname":"peer2","pid":6260,"level":20,"msg":"Processed: \u001b[35msource/css/prism_solarized.css\u001b[39m","time":"2019-03-01T08:56:20.414Z","v":0}
{"name":"hexo","hostname":"peer2","pid":6260,"level":20,"msg":"Processed: \u001b[35msource/css/prism_twilight.css\u001b[39m","time":"2019-03-01T08:56:20.415Z","v":0}
{"name":"hexo","hostname":"peer2","pid":6260,"level":20,"msg":"Processed: \u001b[35msource/css/typo.css\u001b[39m","time":"2019-03-01T08:56:20.415Z","v":0}
{"name":"hexo","hostname":"peer2","pid":6260,"level":20,"msg":"Processed: \u001b[35msource/images/12.jpg\u001b[39m","time":"2019-03-01T08:56:20.415Z","v":0}
{"name":"hexo","hostname":"peer2","pid":6260,"level":20,"msg":"Processed: \u001b[35msource/images/3123.jpg\u001b[39m","time":"2019-03-01T08:56:20.416Z","v":0}
{"name":"hexo","hostname":"peer2","pid":6260,"level":20,"msg":"Processed: \u001b[35msource/images/me.jpg\u001b[39m","time":"2019-03-01T08:56:20.416Z","v":0}
{"name":"hexo","hostname":"peer2","pid":6260,"level":20,"msg":"Processed: \u001b[35msource/images/overlay.png\u001b[39m","time":"2019-03-01T08:56:20.416Z","v":0}
{"name":"hexo","hostname":"peer2","pid":6260,"level":20,"msg":"Processed: \u001b[35msource/images/pic01.jpg\u001b[39m","time":"2019-03-01T08:56:20.416Z","v":0}
{"name":"hexo","hostname":"peer2","pid":6260,"level":20,"msg":"Processed: \u001b[35msource/images/pic02.jpg\u001b[39m","time":"2019-03-01T08:56:20.416Z","v":0}
{"name":"hexo","hostname":"peer2","pid":6260,"level":20,"msg":"Processed: \u001b[35msource/images/pic03.jpg\u001b[39m","time":"2019-03-01T08:56:20.416Z","v":0}
{"name":"hexo","hostname":"peer2","pid":6260,"level":20,"msg":"Theme config loaded.","time":"2019-03-01T08:56:20.427Z","v":0}
{"name":"hexo","hostname":"peer2","pid":6260,"level":20,"msg":"Processed: \u001b[35m_config.yml\u001b[39m","time":"2019-03-01T08:56:20.428Z","v":0}
{"name":"hexo","hostname":"peer2","pid":6260,"level":20,"msg":"Processed: \u001b[35msource/images/pic04.jpg\u001b[39m","time":"2019-03-01T08:56:20.428Z","v":0}
{"name":"hexo","hostname":"peer2","pid":6260,"level":20,"msg":"Processed: \u001b[35msource/images/pic05.jpg\u001b[39m","time":"2019-03-01T08:56:20.429Z","v":0}
{"name":"hexo","hostname":"peer2","pid":6260,"level":20,"msg":"Processed: \u001b[35msource/images/pic06.jpg\u001b[39m","time":"2019-03-01T08:56:20.429Z","v":0}
{"name":"hexo","hostname":"peer2","pid":6260,"level":20,"msg":"Processed: \u001b[35msource/images/pic07.jpg\u001b[39m","time":"2019-03-01T08:56:20.434Z","v":0}
{"name":"hexo","hostname":"peer2","pid":6260,"level":20,"msg":"Processed: \u001b[35msource/images/pic08.jpg\u001b[39m","time":"2019-03-01T08:56:20.434Z","v":0}
{"name":"hexo","hostname":"peer2","pid":6260,"level":20,"msg":"Processed: \u001b[35msource/images/pic09.jpg\u001b[39m","time":"2019-03-01T08:56:20.435Z","v":0}
{"name":"hexo","hostname":"peer2","pid":6260,"level":20,"msg":"Processed: \u001b[35msource/images/pic10.jpg\u001b[39m","time":"2019-03-01T08:56:20.435Z","v":0}
{"name":"hexo","hostname":"peer2","pid":6260,"level":20,"msg":"Processed: \u001b[35msource/images/pic11.jpg\u001b[39m","time":"2019-03-01T08:56:20.435Z","v":0}
{"name":"hexo","hostname":"peer2","pid":6260,"level":20,"msg":"Processed: \u001b[35msource/images/pic12.jpg\u001b[39m","time":"2019-03-01T08:56:20.435Z","v":0}
{"name":"hexo","hostname":"peer2","pid":6260,"level":20,"msg":"Processed: \u001b[35msource/images/picx03.jpg\u001b[39m","time":"2019-03-01T08:56:20.436Z","v":0}
{"name":"hexo","hostname":"peer2","pid":6260,"level":20,"msg":"Processed: \u001b[35msource/js/gallery_skel.min.js\u001b[39m","time":"2019-03-01T08:56:20.436Z","v":0}
{"name":"hexo","hostname":"peer2","pid":6260,"level":20,"msg":"Processed: \u001b[35msource/js/jquery.scrollex.min.js\u001b[39m","time":"2019-03-01T08:56:20.436Z","v":0}
{"name":"hexo","hostname":"peer2","pid":6260,"level":20,"msg":"Processed: \u001b[35msource/js/jquery.scrolly.min.js\u001b[39m","time":"2019-03-01T08:56:20.437Z","v":0}
{"name":"hexo","hostname":"peer2","pid":6260,"level":20,"msg":"Processed: \u001b[35msource/js/lazyload.min.js\u001b[39m","time":"2019-03-01T08:56:20.437Z","v":0}
{"name":"hexo","hostname":"peer2","pid":6260,"level":20,"msg":"Processed: \u001b[35msource/js/main.js\u001b[39m","time":"2019-03-01T08:56:20.437Z","v":0}
{"name":"hexo","hostname":"peer2","pid":6260,"level":20,"msg":"Processed: \u001b[35msource/js/mic_gallery.js\u001b[39m","time":"2019-03-01T08:56:20.437Z","v":0}
{"name":"hexo","hostname":"peer2","pid":6260,"level":20,"msg":"Processed: \u001b[35msource/js/skel.min.js\u001b[39m","time":"2019-03-01T08:56:20.438Z","v":0}
{"name":"hexo","hostname":"peer2","pid":6260,"level":20,"msg":"Processed: \u001b[35msource/js/util.js\u001b[39m","time":"2019-03-01T08:56:20.438Z","v":0}
{"name":"hexo","hostname":"peer2","pid":6260,"level":20,"msg":"Processed: \u001b[35msource/css/mic_main.css\u001b[39m","time":"2019-03-01T08:56:20.438Z","v":0}
{"name":"hexo","hostname":"peer2","pid":6260,"level":20,"msg":"Processed: \u001b[35msource/fonts/FontAwesome.otf\u001b[39m","time":"2019-03-01T08:56:20.439Z","v":0}
{"name":"hexo","hostname":"peer2","pid":6260,"level":20,"msg":"Processed: \u001b[35msource/fonts/fontawesome-webfont.eot\u001b[39m","time":"2019-03-01T08:56:20.439Z","v":0}
{"name":"hexo","hostname":"peer2","pid":6260,"level":20,"msg":"Processed: \u001b[35msource/fonts/fontawesome-webfont.woff\u001b[39m","time":"2019-03-01T08:56:20.439Z","v":0}
{"name":"hexo","hostname":"peer2","pid":6260,"level":20,"msg":"Processed: \u001b[35msource/fonts/fontawesome-webfont.woff2\u001b[39m","time":"2019-03-01T08:56:20.440Z","v":0}
{"name":"hexo","hostname":"peer2","pid":6260,"level":20,"msg":"Processed: \u001b[35msource/images/logo.png\u001b[39m","time":"2019-03-01T08:56:20.440Z","v":0}
{"name":"hexo","hostname":"peer2","pid":6260,"level":20,"msg":"Processed: \u001b[35msource/img/logo_miccall.png\u001b[39m","time":"2019-03-01T08:56:20.451Z","v":0}
{"name":"hexo","hostname":"peer2","pid":6260,"level":20,"msg":"Processed: \u001b[35msource/js/jquery.min.js\u001b[39m","time":"2019-03-01T08:56:20.451Z","v":0}
{"name":"hexo","hostname":"peer2","pid":6260,"level":20,"msg":"Processed: \u001b[35msource/css/images/arrow-small.svg\u001b[39m","time":"2019-03-01T08:56:20.452Z","v":0}
{"name":"hexo","hostname":"peer2","pid":6260,"level":20,"msg":"Processed: \u001b[35msource/css/images/arrow.svg\u001b[39m","time":"2019-03-01T08:56:20.452Z","v":0}
{"name":"hexo","hostname":"peer2","pid":6260,"level":20,"msg":"Processed: \u001b[35msource/css/images/close-small-alt.svg\u001b[39m","time":"2019-03-01T08:56:20.453Z","v":0}
{"name":"hexo","hostname":"peer2","pid":6260,"level":20,"msg":"Processed: \u001b[35msource/css/images/close-small.svg\u001b[39m","time":"2019-03-01T08:56:20.453Z","v":0}
{"name":"hexo","hostname":"peer2","pid":6260,"level":20,"msg":"Processed: \u001b[35msource/css/images/close.svg\u001b[39m","time":"2019-03-01T08:56:20.453Z","v":0}
{"name":"hexo","hostname":"peer2","pid":6260,"level":20,"msg":"Processed: \u001b[35msource/css/images/open-small.svg\u001b[39m","time":"2019-03-01T08:56:20.453Z","v":0}
{"name":"hexo","hostname":"peer2","pid":6260,"level":20,"msg":"Processed: \u001b[35msource/css/images/open.svg\u001b[39m","time":"2019-03-01T08:56:20.454Z","v":0}
{"name":"hexo","hostname":"peer2","pid":6260,"level":20,"msg":"Processed: \u001b[35msource/css/images/spinner.svg\u001b[39m","time":"2019-03-01T08:56:20.454Z","v":0}
{"name":"hexo","hostname":"peer2","pid":6260,"level":20,"msg":"Processed: \u001b[35msource/fonts/fontawesome-webfont.ttf\u001b[39m","time":"2019-03-01T08:56:20.454Z","v":0}
{"name":"hexo","hostname":"peer2","pid":6260,"level":20,"msg":"Processed: \u001b[35msource/images/fulls/05.jpg\u001b[39m","time":"2019-03-01T08:56:20.454Z","v":0}
{"name":"hexo","hostname":"peer2","pid":6260,"level":20,"msg":"Processed: \u001b[35msource/images/fulls/07.jpg\u001b[39m","time":"2019-03-01T08:56:20.455Z","v":0}
{"name":"hexo","hostname":"peer2","pid":6260,"level":20,"msg":"Processed: \u001b[35msource/images/fulls/08.jpg\u001b[39m","time":"2019-03-01T08:56:20.455Z","v":0}
{"name":"hexo","hostname":"peer2","pid":6260,"level":20,"msg":"Processed: \u001b[35msource/images/fulls/09.jpg\u001b[39m","time":"2019-03-01T08:56:20.455Z","v":0}
{"name":"hexo","hostname":"peer2","pid":6260,"level":20,"msg":"Processed: \u001b[35msource/images/fulls/10.jpg\u001b[39m","time":"2019-03-01T08:56:20.456Z","v":0}
{"name":"hexo","hostname":"peer2","pid":6260,"level":20,"msg":"Processed: \u001b[35msource/images/fulls/11.jpg\u001b[39m","time":"2019-03-01T08:56:20.456Z","v":0}
{"name":"hexo","hostname":"peer2","pid":6260,"level":20,"msg":"Processed: \u001b[35mlayout/index.ejs\u001b[39m","time":"2019-03-01T08:56:20.467Z","v":0}
{"name":"hexo","hostname":"peer2","pid":6260,"level":20,"msg":"Processed: \u001b[35mlayout/layout.ejs\u001b[39m","time":"2019-03-01T08:56:20.467Z","v":0}
{"name":"hexo","hostname":"peer2","pid":6260,"level":20,"msg":"Processed: \u001b[35mlayout/post.ejs\u001b[39m","time":"2019-03-01T08:56:20.467Z","v":0}
{"name":"hexo","hostname":"peer2","pid":6260,"level":20,"msg":"Processed: \u001b[35m_posts/hello-world.md\u001b[39m","time":"2019-03-01T08:56:20.477Z","v":0}
{"name":"hexo","hostname":"peer2","pid":6260,"level":20,"msg":"Processed: \u001b[35msource/images/thumbs/01.jpg\u001b[39m","time":"2019-03-01T08:56:20.478Z","v":0}
{"name":"hexo","hostname":"peer2","pid":6260,"level":20,"msg":"Processed: \u001b[35msource/images/thumbs/02.jpg\u001b[39m","time":"2019-03-01T08:56:20.481Z","v":0}
{"name":"hexo","hostname":"peer2","pid":6260,"level":20,"msg":"Processed: \u001b[35msource/images/thumbs/03.jpg\u001b[39m","time":"2019-03-01T08:56:20.481Z","v":0}
{"name":"hexo","hostname":"peer2","pid":6260,"level":20,"msg":"Processed: \u001b[35msource/images/thumbs/04.jpg\u001b[39m","time":"2019-03-01T08:56:20.481Z","v":0}
{"name":"hexo","hostname":"peer2","pid":6260,"level":20,"msg":"Processed: \u001b[35msource/images/thumbs/05.jpg\u001b[39m","time":"2019-03-01T08:56:20.482Z","v":0}
{"name":"hexo","hostname":"peer2","pid":6260,"level":20,"msg":"Processed: \u001b[35msource/images/thumbs/06.jpg\u001b[39m","time":"2019-03-01T08:56:20.482Z","v":0}
{"name":"hexo","hostname":"peer2","pid":6260,"level":20,"msg":"Processed: \u001b[35msource/images/thumbs/07.jpg\u001b[39m","time":"2019-03-01T08:56:20.482Z","v":0}
{"name":"hexo","hostname":"peer2","pid":6260,"level":20,"msg":"Processed: \u001b[35msource/images/thumbs/08.jpg\u001b[39m","time":"2019-03-01T08:56:20.483Z","v":0}
{"name":"hexo","hostname":"peer2","pid":6260,"level":20,"msg":"Processed: \u001b[35msource/images/thumbs/09.jpg\u001b[39m","time":"2019-03-01T08:56:20.483Z","v":0}
{"name":"hexo","hostname":"peer2","pid":6260,"level":20,"msg":"Processed: \u001b[35msource/images/thumbs/10.jpg\u001b[39m","time":"2019-03-01T08:56:20.483Z","v":0}
{"name":"hexo","hostname":"peer2","pid":6260,"level":20,"msg":"Processed: \u001b[35msource/images/thumbs/11.jpg\u001b[39m","time":"2019-03-01T08:56:20.484Z","v":0}
{"name":"hexo","hostname":"peer2","pid":6260,"level":20,"msg":"Processed: \u001b[35msource/images/thumbs/12.jpg\u001b[39m","time":"2019-03-01T08:56:20.484Z","v":0}
{"name":"hexo","hostname":"peer2","pid":6260,"level":20,"msg":"Processed: \u001b[35msource/js/gallery/gallery.js\u001b[39m","time":"2019-03-01T08:56:20.484Z","v":0}
{"name":"hexo","hostname":"peer2","pid":6260,"level":20,"msg":"Processed: \u001b[35msource/images/fulls/01.jpg\u001b[39m","time":"2019-03-01T08:56:20.484Z","v":0}
{"name":"hexo","hostname":"peer2","pid":6260,"level":20,"msg":"Processed: \u001b[35msource/images/fulls/02.jpg\u001b[39m","time":"2019-03-01T08:56:20.485Z","v":0}
{"name":"hexo","hostname":"peer2","pid":6260,"level":20,"msg":"Processed: \u001b[35msource/images/fulls/03.jpg\u001b[39m","time":"2019-03-01T08:56:20.485Z","v":0}
{"name":"hexo","hostname":"peer2","pid":6260,"level":20,"msg":"Processed: \u001b[35msource/images/fulls/04.jpg\u001b[39m","time":"2019-03-01T08:56:20.485Z","v":0}
{"name":"hexo","hostname":"peer2","pid":6260,"level":20,"msg":"Processed: \u001b[35msource/images/fulls/06.jpg\u001b[39m","time":"2019-03-01T08:56:20.487Z","v":0}
{"name":"hexo","hostname":"peer2","pid":6260,"level":20,"msg":"Processed: \u001b[35msource/images/fulls/12.jpg\u001b[39m","time":"2019-03-01T08:56:20.488Z","v":0}
{"name":"hexo","hostname":"peer2","pid":6260,"level":20,"msg":"Processed: \u001b[35mlayout/_partial/comment.ejs\u001b[39m","time":"2019-03-01T08:56:20.506Z","v":0}
{"name":"hexo","hostname":"peer2","pid":6260,"level":20,"msg":"Processed: \u001b[35mlayout/_partial/copyright.ejs\u001b[39m","time":"2019-03-01T08:56:20.506Z","v":0}
{"name":"hexo","hostname":"peer2","pid":6260,"level":20,"msg":"Processed: \u001b[35mlayout/_partial/footer.ejs\u001b[39m","time":"2019-03-01T08:56:20.506Z","v":0}
{"name":"hexo","hostname":"peer2","pid":6260,"level":20,"msg":"Processed: \u001b[35mlayout/_partial/gallery_head.ejs\u001b[39m","time":"2019-03-01T08:56:20.506Z","v":0}
{"name":"hexo","hostname":"peer2","pid":6260,"level":20,"msg":"Processed: \u001b[35mlayout/_partial/gallery_js.ejs\u001b[39m","time":"2019-03-01T08:56:20.506Z","v":0}
{"name":"hexo","hostname":"peer2","pid":6260,"level":20,"msg":"Processed: \u001b[35mlayout/_partial/head.ejs\u001b[39m","time":"2019-03-01T08:56:20.506Z","v":0}
{"name":"hexo","hostname":"peer2","pid":6260,"level":20,"msg":"Processed: \u001b[35mlayout/_partial/headerlogo.ejs\u001b[39m","time":"2019-03-01T08:56:20.506Z","v":0}
{"name":"hexo","hostname":"peer2","pid":6260,"level":20,"msg":"Processed: \u001b[35mlayout/_partial/importJS.ejs\u001b[39m","time":"2019-03-01T08:56:20.506Z","v":0}
{"name":"hexo","hostname":"peer2","pid":6260,"level":20,"msg":"Processed: \u001b[35mlayout/_partial/intro.ejs\u001b[39m","time":"2019-03-01T08:56:20.506Z","v":0}
{"name":"hexo","hostname":"peer2","pid":6260,"level":20,"msg":"Processed: \u001b[35mlayout/_partial/mainfirst.ejs\u001b[39m","time":"2019-03-01T08:56:20.506Z","v":0}
{"name":"hexo","hostname":"peer2","pid":6260,"level":20,"msg":"Processed: \u001b[35mlayout/_partial/mathjax.ejs\u001b[39m","time":"2019-03-01T08:56:20.506Z","v":0}
{"name":"hexo","hostname":"peer2","pid":6260,"level":20,"msg":"Processed: \u001b[35mlayout/_partial/nav.ejs\u001b[39m","time":"2019-03-01T08:56:20.506Z","v":0}
{"name":"hexo","hostname":"peer2","pid":6260,"level":20,"msg":"Processed: \u001b[35mlayout/_widget/page-gallery.ejs\u001b[39m","time":"2019-03-01T08:56:20.507Z","v":0}
{"name":"hexo","hostname":"peer2","pid":6260,"level":20,"msg":"Processed: \u001b[35mlayout/_widget/page-links.ejs\u001b[39m","time":"2019-03-01T08:56:20.507Z","v":0}
{"name":"hexo","hostname":"peer2","pid":6260,"level":20,"msg":"Processed: \u001b[35mlayout/_widget/page-tagcloud.ejs\u001b[39m","time":"2019-03-01T08:56:20.507Z","v":0}
{"name":"hexo","hostname":"peer2","pid":6260,"level":20,"msg":"Processed: \u001b[35msource/js/prism.js\u001b[39m","time":"2019-03-01T08:56:20.517Z","v":0}
{"name":"hexo","hostname":"peer2","pid":6260,"level":20,"msg":"Processed: \u001b[35msource/fonts/fontawesome-webfont.svg\u001b[39m","time":"2019-03-01T08:56:20.517Z","v":0}
{"name":"hexo","hostname":"peer2","pid":6260,"level":20,"msg":"Processed: \u001b[35msource/images/21.jpg\u001b[39m","time":"2019-03-01T08:56:20.519Z","v":0}
{"name":"hexo","hostname":"peer2","pid":6260,"level":20,"msg":"Processed: \u001b[35mlayout/_widget/comment/changyan/common.ejs\u001b[39m","time":"2019-03-01T08:56:20.529Z","v":0}
{"name":"hexo","hostname":"peer2","pid":6260,"level":20,"msg":"Processed: \u001b[35mlayout/_widget/comment/changyan/enter.ejs\u001b[39m","time":"2019-03-01T08:56:20.529Z","v":0}
{"name":"hexo","hostname":"peer2","pid":6260,"level":20,"msg":"Processed: \u001b[35mlayout/_widget/comment/changyan/main.ejs\u001b[39m","time":"2019-03-01T08:56:20.529Z","v":0}
{"name":"hexo","hostname":"peer2","pid":6260,"level":20,"msg":"Processed: \u001b[35mlayout/_widget/comment/disqus/common.ejs\u001b[39m","time":"2019-03-01T08:56:20.529Z","v":0}
{"name":"hexo","hostname":"peer2","pid":6260,"level":20,"msg":"Processed: \u001b[35mlayout/_widget/comment/disqus/enter.ejs\u001b[39m","time":"2019-03-01T08:56:20.530Z","v":0}
{"name":"hexo","hostname":"peer2","pid":6260,"level":20,"msg":"Processed: \u001b[35mlayout/_widget/comment/disqus/main.ejs\u001b[39m","time":"2019-03-01T08:56:20.530Z","v":0}
{"name":"hexo","hostname":"peer2","pid":6260,"level":20,"msg":"Processed: \u001b[35mlayout/_widget/comment/disqus_click/common.ejs\u001b[39m","time":"2019-03-01T08:56:20.530Z","v":0}
{"name":"hexo","hostname":"peer2","pid":6260,"level":20,"msg":"Processed: \u001b[35mlayout/_widget/comment/disqus_click/enter.ejs\u001b[39m","time":"2019-03-01T08:56:20.530Z","v":0}
{"name":"hexo","hostname":"peer2","pid":6260,"level":20,"msg":"Processed: \u001b[35mlayout/_widget/comment/disqus_click/main.ejs\u001b[39m","time":"2019-03-01T08:56:20.530Z","v":0}
{"name":"hexo","hostname":"peer2","pid":6260,"level":20,"msg":"Processed: \u001b[35mlayout/_widget/comment/valine/enter.ejs\u001b[39m","time":"2019-03-01T08:56:20.530Z","v":0}
{"name":"hexo","hostname":"peer2","pid":6260,"level":20,"msg":"Processed: \u001b[35mlayout/_widget/comment/valine/main.ejs\u001b[39m","time":"2019-03-01T08:56:20.530Z","v":0}
{"name":"hexo","hostname":"peer2","pid":6260,"level":20,"msg":"Processed: \u001b[35msource/img/bg.jpg\u001b[39m","time":"2019-03-01T08:56:20.533Z","v":0}
{"name":"hexo","hostname":"peer2","pid":6260,"level":20,"msg":"Processed: \u001b[35msource/fonts/FZLT.ttf\u001b[39m","time":"2019-03-01T08:56:20.542Z","v":0}
{"name":"hexo","hostname":"peer2","pid":6260,"level":20,"msg":"Generator: \u001b[35mpage\u001b[39m","time":"2019-03-01T08:56:20.696Z","v":0}
{"name":"hexo","hostname":"peer2","pid":6260,"level":20,"msg":"Generator: \u001b[35mpost\u001b[39m","time":"2019-03-01T08:56:20.697Z","v":0}
{"name":"hexo","hostname":"peer2","pid":6260,"level":20,"msg":"Generator: \u001b[35marchive\u001b[39m","time":"2019-03-01T08:56:20.697Z","v":0}
{"name":"hexo","hostname":"peer2","pid":6260,"level":20,"msg":"Generator: \u001b[35mcategory\u001b[39m","time":"2019-03-01T08:56:20.697Z","v":0}
{"name":"hexo","hostname":"peer2","pid":6260,"level":20,"msg":"Generator: \u001b[35mindex\u001b[39m","time":"2019-03-01T08:56:20.697Z","v":0}
{"name":"hexo","hostname":"peer2","pid":6260,"level":20,"msg":"Generator: \u001b[35mtag\u001b[39m","time":"2019-03-01T08:56:20.697Z","v":0}
{"name":"hexo","hostname":"peer2","pid":6260,"level":20,"msg":"Generator: \u001b[35masset\u001b[39m","time":"2019-03-01T08:56:20.700Z","v":0}
{"name":"hexo","hostname":"peer2","pid":6260,"level":30,"msg":"Hexo is running at \u001b[4mhttp://localhost:4000\u001b[24m . Press Ctrl+C to stop.","time":"2019-03-01T08:56:20.705Z","v":0}
{"name":"hexo","hostname":"peer2","pid":6260,"level":20,"msg":"Database saved","time":"2019-03-01T08:56:20.726Z","v":0}
{"name":"hexo","hostname":"peer2","pid":6260,"level":20,"msg":"Rendering index: \u001b[35mindex.html\u001b[39m","time":"2019-03-01T08:56:53.705Z","v":0}
{"name":"hexo","hostname":"peer2","pid":6260,"level":20,"msg":"Rendering index: \u001b[35mindex.html\u001b[39m","time":"2019-03-01T08:56:54.184Z","v":0}
{"name":"hexo","hostname":"peer2","pid":6260,"level":20,"msg":"Rendering index: \u001b[35mindex.html\u001b[39m","time":"2019-03-01T08:57:12.776Z","v":0}
{"name":"hexo","hostname":"peer2","pid":6260,"level":20,"msg":"Rendering index: \u001b[35mindex.html\u001b[39m","time":"2019-03-01T08:57:13.185Z","v":0}
{"name":"hexo","hostname":"peer2","pid":6260,"level":20,"msg":"Rendering index: \u001b[35mindex.html\u001b[39m","time":"2019-03-01T08:57:18.892Z","v":0}
{"name":"hexo","hostname":"peer2","pid":6260,"level":20,"msg":"Rendering index: \u001b[35mindex.html\u001b[39m","time":"2019-03-01T08:57:19.103Z","v":0}
{"name":"hexo","hostname":"peer2","pid":6260,"level":20,"msg":"Rendering post: \u001b[35m2019/02/28/hello-world/index.html\u001b[39m","time":"2019-03-01T08:57:24.593Z","v":0}
{"name":"hexo","hostname":"peer2","pid":6260,"level":20,"msg":"Rendering post: \u001b[35m2019/02/28/hello-world/index.html\u001b[39m","time":"2019-03-01T08:57:24.792Z","v":0}
{"name":"hexo","hostname":"peer2","pid":6260,"level":30,"msg":"See you again","time":"2019-03-01T09:00:24.324Z","v":0}
{"name":"hexo","hostname":"peer2","pid":6260,"level":20,"msg":"Database saved","time":"2019-03-01T09:00:24.333Z","v":0}
